[debug] [2024-05-25T01:34:44.137Z] ----------------------------------------------------------------------
[debug] [2024-05-25T01:34:44.139Z] Command:       C:\Program Files\nodejs\node.exe C:\Users\Mielola\AppData\Roaming\npm\node_modules\firebase-tools\lib\bin\firebase.js init
[debug] [2024-05-25T01:34:44.139Z] CLI Version:   13.10.1
[debug] [2024-05-25T01:34:44.140Z] Platform:      win32
[debug] [2024-05-25T01:34:44.140Z] Node Version:  v18.15.0
[debug] [2024-05-25T01:34:44.141Z] Time:          Sat May 25 2024 08:34:44 GMT+0700 (Western Indonesia Time)
[debug] [2024-05-25T01:34:44.141Z] ----------------------------------------------------------------------
[debug] 
[debug] [2024-05-25T01:34:44.150Z] > command requires scopes: ["email","openid","https://www.googleapis.com/auth/cloudplatformprojects.readonly","https://www.googleapis.com/auth/firebase","https://www.googleapis.com/auth/cloud-platform"]
[debug] [2024-05-25T01:34:44.150Z] > authorizing via signed-in user (mwildab15@gmail.com)
[info] 
     ######## #### ########  ######## ########     ###     ######  ########
     ##        ##  ##     ## ##       ##     ##  ##   ##  ##       ##
     ######    ##  ########  ######   ########  #########  ######  ######
     ##        ##  ##    ##  ##       ##     ## ##     ##       ## ##
     ##       #### ##     ## ######## ########  ##     ##  ######  ########

You're about to initialize a Firebase project in this directory:

  C:\Users\Mielola\OneDrive\Dokumen\FOLDER KULIAH\Belajar-React\portofolio2

[info] 
=== Project Setup
[info] 
[info] First, let's associate this project directory with a Firebase project.
[info] You can create multiple project aliases by running firebase use --add, 
[info] but for now we'll just set up a default project.
[info] 
[debug] [2024-05-25T01:37:35.789Z] > refreshing access token with scopes: []
[debug] [2024-05-25T01:37:35.792Z] >>> [apiv2][query] POST https://www.googleapis.com/oauth2/v3/token [none]
[debug] [2024-05-25T01:37:35.792Z] >>> [apiv2][body] POST https://www.googleapis.com/oauth2/v3/token [omitted]
[debug] [2024-05-25T01:37:35.971Z] <<< [apiv2][status] POST https://www.googleapis.com/oauth2/v3/token 200
[debug] [2024-05-25T01:37:35.971Z] <<< [apiv2][body] POST https://www.googleapis.com/oauth2/v3/token [omitted]
[debug] [2024-05-25T01:37:35.986Z] >>> [apiv2][query] GET https://firebase.googleapis.com/v1beta1/projects pageSize=100
[debug] [2024-05-25T01:37:36.852Z] <<< [apiv2][status] GET https://firebase.googleapis.com/v1beta1/projects 200
[debug] [2024-05-25T01:37:36.852Z] <<< [apiv2][body] GET https://firebase.googleapis.com/v1beta1/projects [omitted]
[info] i  Using project portofolio-1951e (portofolio) 
[info] 
=== Hosting Setup
[debug] [2024-05-25T01:37:52.581Z] >>> [apiv2][query] GET https://firebase.googleapis.com/v1beta1/projects/portofolio-1951e [none]
[debug] [2024-05-25T01:37:52.961Z] <<< [apiv2][status] GET https://firebase.googleapis.com/v1beta1/projects/portofolio-1951e 200
[debug] [2024-05-25T01:37:52.961Z] <<< [apiv2][body] GET https://firebase.googleapis.com/v1beta1/projects/portofolio-1951e {"projectId":"portofolio-1951e","projectNumber":"302259547634","displayName":"portofolio","name":"projects/portofolio-1951e","resources":{"hostingSite":"portofolio-1951e"},"state":"ACTIVE","etag":"1_8436113d-6ee0-41ae-bf4a-979acc334632"}
[info] 
[info] Your public directory is the folder (relative to your project directory) that
[info] will contain Hosting assets to be uploaded with firebase deploy. If you
[info] have a build process for your assets, use your build's output directory.
[info] 
[info] +  Wrote index.html/404.html 
[debug] [2024-05-25T01:40:31.819Z] >>> [apiv2][query] GET https://www.gstatic.com/firebasejs/releases.json [none]
[debug] [2024-05-25T01:40:31.925Z] <<< [apiv2][status] GET https://www.gstatic.com/firebasejs/releases.json 200
[debug] [2024-05-25T01:40:31.926Z] <<< [apiv2][body] GET https://www.gstatic.com/firebasejs/releases.json {"current":{"version":"10.12.1","browserURL":"https://www.gstatic.com/firebasejs/10.12.1/firebase.js","packageURL":"https://www.gstatic.com/firebasejs/10.12.1/firebase.tgz"},"live":{"version":"10.12","browserURL":"https://www.gstatic.com/firebasejs/live/10.12/firebase.js","packageURL":"https://www.gstatic.com/firebasejs/live/10.12/firebase.tgz"},"components":{"analytics":"https://www.gstatic.com/firebasejs/10.12.1/firebase-analytics.js","app":"https://www.gstatic.com/firebasejs/10.12.1/firebase-app.js","app-check":"https://www.gstatic.com/firebasejs/10.12.1/firebase-app-check.js","auth":"https://www.gstatic.com/firebasejs/10.12.1/firebase-auth.js","auth/cordova":"https://www.gstatic.com/firebasejs/10.12.1/firebase-auth/cordova.js","auth/web-extension":"https://www.gstatic.com/firebasejs/10.12.1/firebase-auth/web-extension.js","functions":"https://www.gstatic.com/firebasejs/10.12.1/firebase-functions.js","firestore":"https://www.gstatic.com/firebasejs/10.12.1/firebase-firestore.js","firestore/lite":"https://www.gstatic.com/firebasejs/10.12.1/firebase-firestore/lite.js","installations":"https://www.gstatic.com/firebasejs/10.12.1/firebase-installations.js","storage":"https://www.gstatic.com/firebasejs/10.12.1/firebase-storage.js","performance":"https://www.gstatic.com/firebasejs/10.12.1/firebase-performance.js","remote-config":"https://www.gstatic.com/firebasejs/10.12.1/firebase-remote-config.js","messaging":"https://www.gstatic.com/firebasejs/10.12.1/firebase-messaging.js","messaging/sw":"https://www.gstatic.com/firebasejs/10.12.1/firebase-messaging/sw.js","database":"https://www.gstatic.com/firebasejs/10.12.1/firebase-database.js","vertexai-preview":"https://www.gstatic.com/firebasejs/10.12.1/firebase-vertexai-preview.js","firestore.memory":"https://www.gstatic.com/firebasejs/10.12.1/firebase-firestore.memory.js"}}
[info] +  Wrote index.html/index.html 
[info] 
[info] i  Detected a .git folder at C:\Users\Mielola\OneDrive\Dokumen\FOLDER KULIAH\Belajar-React\portofolio2 
[info] i  Authorizing with GitHub to upload your service account to a GitHub repository's secrets store. 
[info] 
[info] Visit this URL on this device to log in:
[info] https://github.com/login/oauth/authorize?client_id=89cf50f02ac6aaed3484&state=122771380&redirect_uri=http%3A%2F%2Flocalhost%3A9005&scope=read%3Auser%20repo%20public_repo
[info] 
[info] Waiting for authentication...
[debug] [2024-05-25T01:40:55.900Z] >>> [apiv2][query] POST https://github.com/login/oauth/access_token [none]
[debug] [2024-05-25T01:40:55.900Z] >>> [apiv2][body] POST https://github.com/login/oauth/access_token [stream]
[debug] [2024-05-25T01:40:56.380Z] <<< [apiv2][status] POST https://github.com/login/oauth/access_token 200
[debug] [2024-05-25T01:40:56.380Z] <<< [apiv2][body] POST https://github.com/login/oauth/access_token {"access_token":"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","token_type":"bearer","scope":"read:user,repo"}
[debug] [2024-05-25T01:40:56.385Z] >>> [apiv2][query] GET https://api.github.com/user [none]
[debug] [2024-05-25T01:40:56.840Z] <<< [apiv2][status] GET https://api.github.com/user 200
[debug] [2024-05-25T01:40:56.840Z] <<< [apiv2][body] GET https://api.github.com/user {"login":"Mielola","id":114896642,"node_id":"U_kgDOBtkvAg","avatar_url":"https://avatars.githubusercontent.com/u/114896642?v=4","gravatar_id":"","url":"https://api.github.com/users/Mielola","html_url":"https://github.com/Mielola","followers_url":"https://api.github.com/users/Mielola/followers","following_url":"https://api.github.com/users/Mielola/following{/other_user}","gists_url":"https://api.github.com/users/Mielola/gists{/gist_id}","starred_url":"https://api.github.com/users/Mielola/starred{/owner}{/repo}","subscriptions_url":"https://api.github.com/users/Mielola/subscriptions","organizations_url":"https://api.github.com/users/Mielola/orgs","repos_url":"https://api.github.com/users/Mielola/repos","events_url":"https://api.github.com/users/Mielola/events{/privacy}","received_events_url":"https://api.github.com/users/Mielola/received_events","type":"User","site_admin":false,"name":"Muhammad Wildan Dhiya Ulhaq","company":null,"blog":"","location":null,"email":null,"hireable":null,"bio":null,"twitter_username":null,"public_repos":12,"public_gists":0,"followers":3,"following":5,"created_at":"2022-10-03T04:25:16Z","updated_at":"2024-05-04T12:17:58Z","private_gists":0,"total_private_repos":1,"owned_private_repos":1,"disk_usage":71179,"collaborators":0,"two_factor_authentication":true,"plan":{"name":"pro","space":976562499,"collaborators":0,"private_repos":9999}}
[info] 
[info] +  Success! Logged into GitHub as Mielola 
[info] 
[debug] [2024-05-25T01:41:32.800Z] >>> [apiv2][query] GET https://api.github.com/repos/portofolio_wildan/actions/secrets/public-key type=owner
[debug] [2024-05-25T01:41:33.197Z] <<< [apiv2][status] GET https://api.github.com/repos/portofolio_wildan/actions/secrets/public-key 404
[debug] [2024-05-25T01:41:33.197Z] <<< [apiv2][body] GET https://api.github.com/repos/portofolio_wildan/actions/secrets/public-key {"message":"Not Found","documentation_url":"https://docs.github.com/rest"}
[info] 
[info] 
[error] !  The provided authorization cannot be used with this repository. If this repository is in an organization, did you remember to grant access? 
[info] 
[info] i  Action required: Visit this URL to ensure access has been granted to the appropriate organization(s) for the Firebase CLI GitHub OAuth App: 
[info] https://github.com/settings/connections/applications/89cf50f02ac6aaed3484
[info] 
